The system is: Linux - 4.4.0-116-generic - x86_64
Compiling the C compiler identification source file "CMakeCCompilerId.c" succeeded.
Compiler: /usr/bin/cc 
Build flags: 
Id flags: 

The output was:
0


Compilation of the C compiler identification source "CMakeCCompilerId.c" produced "a.out"

The C compiler identification is GNU, found in "/home/zhangsy/20210127/msisensor-ct/CMakeFiles/3.5.1/CompilerIdC/a.out"

Compiling the CXX compiler identification source file "CMakeCXXCompilerId.cpp" succeeded.
Compiler: /usr/bin/c++ 
Build flags: 
Id flags: 

The output was:
0


Compilation of the CXX compiler identification source "CMakeCXXCompilerId.cpp" produced "a.out"

The CXX compiler identification is GNU, found in "/home/zhangsy/20210127/msisensor-ct/CMakeFiles/3.5.1/CompilerIdCXX/a.out"

Determining if the C compiler works passed with the following output:
Change Dir: /home/zhangsy/20210127/msisensor-ct/CMakeFiles/CMakeTmp

Run Build Command:"/usr/bin/make" "cmTC_7523d/fast"
make[1]: Entering directory '/home/zhangsy/20210127/msisensor-ct/CMakeFiles/CMakeTmp'
/usr/bin/make -f CMakeFiles/cmTC_7523d.dir/build.make CMakeFiles/cmTC_7523d.dir/build
make[2]: Entering directory '/home/zhangsy/20210127/msisensor-ct/CMakeFiles/CMakeTmp'
Building C object CMakeFiles/cmTC_7523d.dir/testCCompiler.c.o
/usr/bin/cc     -o CMakeFiles/cmTC_7523d.dir/testCCompiler.c.o   -c /home/zhangsy/20210127/msisensor-ct/CMakeFiles/CMakeTmp/testCCompiler.c
Linking C executable cmTC_7523d
/usr/bin/cmake -E cmake_link_script CMakeFiles/cmTC_7523d.dir/link.txt --verbose=1
/usr/bin/cc       CMakeFiles/cmTC_7523d.dir/testCCompiler.c.o  -o cmTC_7523d -rdynamic 
make[2]: Leaving directory '/home/zhangsy/20210127/msisensor-ct/CMakeFiles/CMakeTmp'
make[1]: Leaving directory '/home/zhangsy/20210127/msisensor-ct/CMakeFiles/CMakeTmp'


Detecting C compiler ABI info compiled with the following output:
Change Dir: /home/zhangsy/20210127/msisensor-ct/CMakeFiles/CMakeTmp

Run Build Command:"/usr/bin/make" "cmTC_f8819/fast"
make[1]: Entering directory '/home/zhangsy/20210127/msisensor-ct/CMakeFiles/CMakeTmp'
/usr/bin/make -f CMakeFiles/cmTC_f8819.dir/build.make CMakeFiles/cmTC_f8819.dir/build
make[2]: Entering directory '/home/zhangsy/20210127/msisensor-ct/CMakeFiles/CMakeTmp'
Building C object CMakeFiles/cmTC_f8819.dir/CMakeCCompilerABI.c.o
/usr/bin/cc     -o CMakeFiles/cmTC_f8819.dir/CMakeCCompilerABI.c.o   -c /usr/share/cmake-3.5/Modules/CMakeCCompilerABI.c
Linking C executable cmTC_f8819
/usr/bin/cmake -E cmake_link_script CMakeFiles/cmTC_f8819.dir/link.txt --verbose=1
/usr/bin/cc      -v CMakeFiles/cmTC_f8819.dir/CMakeCCompilerABI.c.o  -o cmTC_f8819 -rdynamic  
Using built-in specs.
COLLECT_GCC=/usr/bin/cc
COLLECT_LTO_WRAPPER=/usr/lib/gcc/x86_64-linux-gnu/5/lto-wrapper
Target: x86_64-linux-gnu
Configured with: ../src/configure -v --with-pkgversion='Ubuntu 5.4.0-6ubuntu1~16.04.11' --with-bugurl=file:///usr/share/doc/gcc-5/README.Bugs --enable-languages=c,ada,c++,java,go,d,fortran,objc,obj-c++ --prefix=/usr --program-suffix=-5 --enable-shared --enable-linker-build-id --libexecdir=/usr/lib --without-included-gettext --enable-threads=posix --libdir=/usr/lib --enable-nls --with-sysroot=/ --enable-clocale=gnu --enable-libstdcxx-debug --enable-libstdcxx-time=yes --with-default-libstdcxx-abi=new --enable-gnu-unique-object --disable-vtable-verify --enable-libmpx --enable-plugin --with-system-zlib --disable-browser-plugin --enable-java-awt=gtk --enable-gtk-cairo --with-java-home=/usr/lib/jvm/java-1.5.0-gcj-5-amd64/jre --enable-java-home --with-jvm-root-dir=/usr/lib/jvm/java-1.5.0-gcj-5-amd64 --with-jvm-jar-dir=/usr/lib/jvm-exports/java-1.5.0-gcj-5-amd64 --with-arch-directory=amd64 --with-ecj-jar=/usr/share/java/eclipse-ecj.jar --enable-objc-gc --enable-multiarch --disable-werror --with-arch-32=i686 --with-abi=m64 --with-multilib-list=m32,m64,mx32 --enable-multilib --with-tune=generic --enable-checking=release --build=x86_64-linux-gnu --host=x86_64-linux-gnu --target=x86_64-linux-gnu
Thread model: posix
gcc version 5.4.0 20160609 (Ubuntu 5.4.0-6ubuntu1~16.04.11) 
COMPILER_PATH=/usr/lib/gcc/x86_64-linux-gnu/5/:/usr/lib/gcc/x86_64-linux-gnu/5/:/usr/lib/gcc/x86_64-linux-gnu/:/usr/lib/gcc/x86_64-linux-gnu/5/:/usr/lib/gcc/x86_64-linux-gnu/
LIBRARY_PATH=/usr/lib/gcc/x86_64-linux-gnu/5/:/usr/lib/gcc/x86_64-linux-gnu/5/../../../x86_64-linux-gnu/:/usr/lib/gcc/x86_64-linux-gnu/5/../../../../lib/:/lib/x86_64-linux-gnu/:/lib/../lib/:/usr/lib/x86_64-linux-gnu/:/usr/lib/../lib/:/usr/lib/gcc/x86_64-linux-gnu/5/../../../:/lib/:/usr/lib/
COLLECT_GCC_OPTIONS='-v' '-o' 'cmTC_f8819' '-rdynamic' '-mtune=generic' '-march=x86-64'
 /usr/lib/gcc/x86_64-linux-gnu/5/collect2 -plugin /usr/lib/gcc/x86_64-linux-gnu/5/liblto_plugin.so -plugin-opt=/usr/lib/gcc/x86_64-linux-gnu/5/lto-wrapper -plugin-opt=-fresolution=/tmp/ccoiP5B6.res -plugin-opt=-pass-through=-lgcc -plugin-opt=-pass-through=-lgcc_s -plugin-opt=-pass-through=-lc -plugin-opt=-pass-through=-lgcc -plugin-opt=-pass-through=-lgcc_s --sysroot=/ --build-id --eh-frame-hdr -m elf_x86_64 --hash-style=gnu --as-needed -export-dynamic -dynamic-linker /lib64/ld-linux-x86-64.so.2 -z relro -o cmTC_f8819 /usr/lib/gcc/x86_64-linux-gnu/5/../../../x86_64-linux-gnu/crt1.o /usr/lib/gcc/x86_64-linux-gnu/5/../../../x86_64-linux-gnu/crti.o /usr/lib/gcc/x86_64-linux-gnu/5/crtbegin.o -L/usr/lib/gcc/x86_64-linux-gnu/5 -L/usr/lib/gcc/x86_64-linux-gnu/5/../../../x86_64-linux-gnu -L/usr/lib/gcc/x86_64-linux-gnu/5/../../../../lib -L/lib/x86_64-linux-gnu -L/lib/../lib -L/usr/lib/x86_64-linux-gnu -L/usr/lib/../lib -L/usr/lib/gcc/x86_64-linux-gnu/5/../../.. CMakeFiles/cmTC_f8819.dir/CMakeCCompilerABI.c.o -lgcc --as-needed -lgcc_s --no-as-needed -lc -lgcc --as-needed -lgcc_s --no-as-needed /usr/lib/gcc/x86_64-linux-gnu/5/crtend.o /usr/lib/gcc/x86_64-linux-gnu/5/../../../x86_64-linux-gnu/crtn.o
make[2]: Leaving directory '/home/zhangsy/20210127/msisensor-ct/CMakeFiles/CMakeTmp'
make[1]: Leaving directory '/home/zhangsy/20210127/msisensor-ct/CMakeFiles/CMakeTmp'


Parsed C implicit link information from above output:
  link line regex: [^( *|.*[/\])(ld|([^/\]+-)?ld|collect2)[^/\]*( |$)]
  ignore line: [Change Dir: /home/zhangsy/20210127/msisensor-ct/CMakeFiles/CMakeTmp]
  ignore line: []
  ignore line: [Run Build Command:"/usr/bin/make" "cmTC_f8819/fast"]
  ignore line: [make[1]: Entering directory '/home/zhangsy/20210127/msisensor-ct/CMakeFiles/CMakeTmp']
  ignore line: [/usr/bin/make -f CMakeFiles/cmTC_f8819.dir/build.make CMakeFiles/cmTC_f8819.dir/build]
  ignore line: [make[2]: Entering directory '/home/zhangsy/20210127/msisensor-ct/CMakeFiles/CMakeTmp']
  ignore line: [Building C object CMakeFiles/cmTC_f8819.dir/CMakeCCompilerABI.c.o]
  ignore line: [/usr/bin/cc     -o CMakeFiles/cmTC_f8819.dir/CMakeCCompilerABI.c.o   -c /usr/share/cmake-3.5/Modules/CMakeCCompilerABI.c]
  ignore line: [Linking C executable cmTC_f8819]
  ignore line: [/usr/bin/cmake -E cmake_link_script CMakeFiles/cmTC_f8819.dir/link.txt --verbose=1]
  ignore line: [/usr/bin/cc      -v CMakeFiles/cmTC_f8819.dir/CMakeCCompilerABI.c.o  -o cmTC_f8819 -rdynamic  ]
  ignore line: [Using built-in specs.]
  ignore line: [COLLECT_GCC=/usr/bin/cc]
  ignore line: [COLLECT_LTO_WRAPPER=/usr/lib/gcc/x86_64-linux-gnu/5/lto-wrapper]
  ignore line: [Target: x86_64-linux-gnu]
  ignore line: [Configured with: ../src/configure -v --with-pkgversion='Ubuntu 5.4.0-6ubuntu1~16.04.11' --with-bugurl=file:///usr/share/doc/gcc-5/README.Bugs --enable-languages=c,ada,c++,java,go,d,fortran,objc,obj-c++ --prefix=/usr --program-suffix=-5 --enable-shared --enable-linker-build-id --libexecdir=/usr/lib --without-included-gettext --enable-threads=posix --libdir=/usr/lib --enable-nls --with-sysroot=/ --enable-clocale=gnu --enable-libstdcxx-debug --enable-libstdcxx-time=yes --with-default-libstdcxx-abi=new --enable-gnu-unique-object --disable-vtable-verify --enable-libmpx --enable-plugin --with-system-zlib --disable-browser-plugin --enable-java-awt=gtk --enable-gtk-cairo --with-java-home=/usr/lib/jvm/java-1.5.0-gcj-5-amd64/jre --enable-java-home --with-jvm-root-dir=/usr/lib/jvm/java-1.5.0-gcj-5-amd64 --with-jvm-jar-dir=/usr/lib/jvm-exports/java-1.5.0-gcj-5-amd64 --with-arch-directory=amd64 --with-ecj-jar=/usr/share/java/eclipse-ecj.jar --enable-objc-gc --enable-multiarch --disable-werror --with-arch-32=i686 --with-abi=m64 --with-multilib-list=m32,m64,mx32 --enable-multilib --with-tune=generic --enable-checking=release --build=x86_64-linux-gnu --host=x86_64-linux-gnu --target=x86_64-linux-gnu]
  ignore line: [Thread model: posix]
  ignore line: [gcc version 5.4.0 20160609 (Ubuntu 5.4.0-6ubuntu1~16.04.11) ]
  ignore line: [COMPILER_PATH=/usr/lib/gcc/x86_64-linux-gnu/5/:/usr/lib/gcc/x86_64-linux-gnu/5/:/usr/lib/gcc/x86_64-linux-gnu/:/usr/lib/gcc/x86_64-linux-gnu/5/:/usr/lib/gcc/x86_64-linux-gnu/]
  ignore line: [LIBRARY_PATH=/usr/lib/gcc/x86_64-linux-gnu/5/:/usr/lib/gcc/x86_64-linux-gnu/5/../../../x86_64-linux-gnu/:/usr/lib/gcc/x86_64-linux-gnu/5/../../../../lib/:/lib/x86_64-linux-gnu/:/lib/../lib/:/usr/lib/x86_64-linux-gnu/:/usr/lib/../lib/:/usr/lib/gcc/x86_64-linux-gnu/5/../../../:/lib/:/usr/lib/]
  ignore line: [COLLECT_GCC_OPTIONS='-v' '-o' 'cmTC_f8819' '-rdynamic' '-mtune=generic' '-march=x86-64']
  link line: [ /usr/lib/gcc/x86_64-linux-gnu/5/collect2 -plugin /usr/lib/gcc/x86_64-linux-gnu/5/liblto_plugin.so -plugin-opt=/usr/lib/gcc/x86_64-linux-gnu/5/lto-wrapper -plugin-opt=-fresolution=/tmp/ccoiP5B6.res -plugin-opt=-pass-through=-lgcc -plugin-opt=-pass-through=-lgcc_s -plugin-opt=-pass-through=-lc -plugin-opt=-pass-through=-lgcc -plugin-opt=-pass-through=-lgcc_s --sysroot=/ --build-id --eh-frame-hdr -m elf_x86_64 --hash-style=gnu --as-needed -export-dynamic -dynamic-linker /lib64/ld-linux-x86-64.so.2 -z relro -o cmTC_f8819 /usr/lib/gcc/x86_64-linux-gnu/5/../../../x86_64-linux-gnu/crt1.o /usr/lib/gcc/x86_64-linux-gnu/5/../../../x86_64-linux-gnu/crti.o /usr/lib/gcc/x86_64-linux-gnu/5/crtbegin.o -L/usr/lib/gcc/x86_64-linux-gnu/5 -L/usr/lib/gcc/x86_64-linux-gnu/5/../../../x86_64-linux-gnu -L/usr/lib/gcc/x86_64-linux-gnu/5/../../../../lib -L/lib/x86_64-linux-gnu -L/lib/../lib -L/usr/lib/x86_64-linux-gnu -L/usr/lib/../lib -L/usr/lib/gcc/x86_64-linux-gnu/5/../../.. CMakeFiles/cmTC_f8819.dir/CMakeCCompilerABI.c.o -lgcc --as-needed -lgcc_s --no-as-needed -lc -lgcc --as-needed -lgcc_s --no-as-needed /usr/lib/gcc/x86_64-linux-gnu/5/crtend.o /usr/lib/gcc/x86_64-linux-gnu/5/../../../x86_64-linux-gnu/crtn.o]
    arg [/usr/lib/gcc/x86_64-linux-gnu/5/collect2] ==> ignore
    arg [-plugin] ==> ignore
    arg [/usr/lib/gcc/x86_64-linux-gnu/5/liblto_plugin.so] ==> ignore
    arg [-plugin-opt=/usr/lib/gcc/x86_64-linux-gnu/5/lto-wrapper] ==> ignore
    arg [-plugin-opt=-fresolution=/tmp/ccoiP5B6.res] ==> ignore
    arg [-plugin-opt=-pass-through=-lgcc] ==> ignore
    arg [-plugin-opt=-pass-through=-lgcc_s] ==> ignore
    arg [-plugin-opt=-pass-through=-lc] ==> ignore
    arg [-plugin-opt=-pass-through=-lgcc] ==> ignore
    arg [-plugin-opt=-pass-through=-lgcc_s] ==> ignore
    arg [--sysroot=/] ==> ignore
    arg [--build-id] ==> ignore
    arg [--eh-frame-hdr] ==> ignore
    arg [-m] ==> ignore
    arg [elf_x86_64] ==> ignore
    arg [--hash-style=gnu] ==> ignore
    arg [--as-needed] ==> ignore
    arg [-export-dynamic] ==> ignore
    arg [-dynamic-linker] ==> ignore
    arg [/lib64/ld-linux-x86-64.so.2] ==> ignore
    arg [-zrelro] ==> ignore
    arg [-o] ==> ignore
    arg [cmTC_f8819] ==> ignore
    arg [/usr/lib/gcc/x86_64-linux-gnu/5/../../../x86_64-linux-gnu/crt1.o] ==> ignore
    arg [/usr/lib/gcc/x86_64-linux-gnu/5/../../../x86_64-linux-gnu/crti.o] ==> ignore
    arg [/usr/lib/gcc/x86_64-linux-gnu/5/crtbegin.o] ==> ignore
    arg [-L/usr/lib/gcc/x86_64-linux-gnu/5] ==> dir [/usr/lib/gcc/x86_64-linux-gnu/5]
    arg [-L/usr/lib/gcc/x86_64-linux-gnu/5/../../../x86_64-linux-gnu] ==> dir [/usr/lib/gcc/x86_64-linux-gnu/5/../../../x86_64-linux-gnu]
    arg [-L/usr/lib/gcc/x86_64-linux-gnu/5/../../../../lib] ==> dir [/usr/lib/gcc/x86_64-linux-gnu/5/../../../../lib]
    arg [-L/lib/x86_64-linux-gnu] ==> dir [/lib/x86_64-linux-gnu]
    arg [-L/lib/../lib] ==> dir [/lib/../lib]
    arg [-L/usr/lib/x86_64-linux-gnu] ==> dir [/usr/lib/x86_64-linux-gnu]
    arg [-L/usr/lib/../lib] ==> dir [/usr/lib/../lib]
    arg [-L/usr/lib/gcc/x86_64-linux-gnu/5/../../..] ==> dir [/usr/lib/gcc/x86_64-linux-gnu/5/../../..]
    arg [CMakeFiles/cmTC_f8819.dir/CMakeCCompilerABI.c.o] ==> ignore
    arg [-lgcc] ==> lib [gcc]
    arg [--as-needed] ==> ignore
    arg [-lgcc_s] ==> lib [gcc_s]
    arg [--no-as-needed] ==> ignore
    arg [-lc] ==> lib [c]
    arg [-lgcc] ==> lib [gcc]
    arg [--as-needed] ==> ignore
    arg [-lgcc_s] ==> lib [gcc_s]
    arg [--no-as-needed] ==> ignore
    arg [/usr/lib/gcc/x86_64-linux-gnu/5/crtend.o] ==> ignore
    arg [/usr/lib/gcc/x86_64-linux-gnu/5/../../../x86_64-linux-gnu/crtn.o] ==> ignore
  remove lib [gcc]
  remove lib [gcc_s]
  remove lib [gcc]
  remove lib [gcc_s]
  collapse library dir [/usr/lib/gcc/x86_64-linux-gnu/5] ==> [/usr/lib/gcc/x86_64-linux-gnu/5]
  collapse library dir [/usr/lib/gcc/x86_64-linux-gnu/5/../../../x86_64-linux-gnu] ==> [/usr/lib/x86_64-linux-gnu]
  collapse library dir [/usr/lib/gcc/x86_64-linux-gnu/5/../../../../lib] ==> [/usr/lib]
  collapse library dir [/lib/x86_64-linux-gnu] ==> [/lib/x86_64-linux-gnu]
  collapse library dir [/lib/../lib] ==> [/lib]
  collapse library dir [/usr/lib/x86_64-linux-gnu] ==> [/usr/lib/x86_64-linux-gnu]
  collapse library dir [/usr/lib/../lib] ==> [/usr/lib]
  collapse library dir [/usr/lib/gcc/x86_64-linux-gnu/5/../../..] ==> [/usr/lib]
  implicit libs: [c]
  implicit dirs: [/usr/lib/gcc/x86_64-linux-gnu/5;/usr/lib/x86_64-linux-gnu;/usr/lib;/lib/x86_64-linux-gnu;/lib]
  implicit fwks: []




Detecting C [-std=c11] compiler features compiled with the following output:
Change Dir: /home/zhangsy/20210127/msisensor-ct/CMakeFiles/CMakeTmp

Run Build Command:"/usr/bin/make" "cmTC_7d6d5/fast"
make[1]: Entering directory '/home/zhangsy/20210127/msisensor-ct/CMakeFiles/CMakeTmp'
/usr/bin/make -f CMakeFiles/cmTC_7d6d5.dir/build.make CMakeFiles/cmTC_7d6d5.dir/build
make[2]: Entering directory '/home/zhangsy/20210127/msisensor-ct/CMakeFiles/CMakeTmp'
Building C object CMakeFiles/cmTC_7d6d5.dir/feature_tests.c.o
/usr/bin/cc    -std=c11 -o CMakeFiles/cmTC_7d6d5.dir/feature_tests.c.o   -c /home/zhangsy/20210127/msisensor-ct/CMakeFiles/feature_tests.c
Linking C executable cmTC_7d6d5
/usr/bin/cmake -E cmake_link_script CMakeFiles/cmTC_7d6d5.dir/link.txt --verbose=1
/usr/bin/cc       CMakeFiles/cmTC_7d6d5.dir/feature_tests.c.o  -o cmTC_7d6d5 -rdynamic 
make[2]: Leaving directory '/home/zhangsy/20210127/msisensor-ct/CMakeFiles/CMakeTmp'
make[1]: Leaving directory '/home/zhangsy/20210127/msisensor-ct/CMakeFiles/CMakeTmp'


    Feature record: C_FEATURE:1c_function_prototypes
    Feature record: C_FEATURE:1c_restrict
    Feature record: C_FEATURE:1c_static_assert
    Feature record: C_FEATURE:1c_variadic_macros


Detecting C [-std=c99] compiler features compiled with the following output:
Change Dir: /home/zhangsy/20210127/msisensor-ct/CMakeFiles/CMakeTmp

Run Build Command:"/usr/bin/make" "cmTC_c6a3b/fast"
make[1]: Entering directory '/home/zhangsy/20210127/msisensor-ct/CMakeFiles/CMakeTmp'
/usr/bin/make -f CMakeFiles/cmTC_c6a3b.dir/build.make CMakeFiles/cmTC_c6a3b.dir/build
make[2]: Entering directory '/home/zhangsy/20210127/msisensor-ct/CMakeFiles/CMakeTmp'
Building C object CMakeFiles/cmTC_c6a3b.dir/feature_tests.c.o
/usr/bin/cc    -std=c99 -o CMakeFiles/cmTC_c6a3b.dir/feature_tests.c.o   -c /home/zhangsy/20210127/msisensor-ct/CMakeFiles/feature_tests.c
Linking C executable cmTC_c6a3b
/usr/bin/cmake -E cmake_link_script CMakeFiles/cmTC_c6a3b.dir/link.txt --verbose=1
/usr/bin/cc       CMakeFiles/cmTC_c6a3b.dir/feature_tests.c.o  -o cmTC_c6a3b -rdynamic 
make[2]: Leaving directory '/home/zhangsy/20210127/msisensor-ct/CMakeFiles/CMakeTmp'
make[1]: Leaving directory '/home/zhangsy/20210127/msisensor-ct/CMakeFiles/CMakeTmp'


    Feature record: C_FEATURE:1c_function_prototypes
    Feature record: C_FEATURE:1c_restrict
    Feature record: C_FEATURE:0c_static_assert
    Feature record: C_FEATURE:1c_variadic_macros


Detecting C [-std=c90] compiler features compiled with the following output:
Change Dir: /home/zhangsy/20210127/msisensor-ct/CMakeFiles/CMakeTmp

Run Build Command:"/usr/bin/make" "cmTC_70a03/fast"
make[1]: Entering directory '/home/zhangsy/20210127/msisensor-ct/CMakeFiles/CMakeTmp'
/usr/bin/make -f CMakeFiles/cmTC_70a03.dir/build.make CMakeFiles/cmTC_70a03.dir/build
make[2]: Entering directory '/home/zhangsy/20210127/msisensor-ct/CMakeFiles/CMakeTmp'
Building C object CMakeFiles/cmTC_70a03.dir/feature_tests.c.o
/usr/bin/cc    -std=c90 -o CMakeFiles/cmTC_70a03.dir/feature_tests.c.o   -c /home/zhangsy/20210127/msisensor-ct/CMakeFiles/feature_tests.c
Linking C executable cmTC_70a03
/usr/bin/cmake -E cmake_link_script CMakeFiles/cmTC_70a03.dir/link.txt --verbose=1
/usr/bin/cc       CMakeFiles/cmTC_70a03.dir/feature_tests.c.o  -o cmTC_70a03 -rdynamic 
make[2]: Leaving directory '/home/zhangsy/20210127/msisensor-ct/CMakeFiles/CMakeTmp'
make[1]: Leaving directory '/home/zhangsy/20210127/msisensor-ct/CMakeFiles/CMakeTmp'


    Feature record: C_FEATURE:1c_function_prototypes
    Feature record: C_FEATURE:0c_restrict
    Feature record: C_FEATURE:0c_static_assert
    Feature record: C_FEATURE:0c_variadic_macros
Determining if the CXX compiler works passed with the following output:
Change Dir: /home/zhangsy/20210127/msisensor-ct/CMakeFiles/CMakeTmp

Run Build Command:"/usr/bin/make" "cmTC_e4f70/fast"
make[1]: Entering directory '/home/zhangsy/20210127/msisensor-ct/CMakeFiles/CMakeTmp'
/usr/bin/make -f CMakeFiles/cmTC_e4f70.dir/build.make CMakeFiles/cmTC_e4f70.dir/build
make[2]: Entering directory '/home/zhangsy/20210127/msisensor-ct/CMakeFiles/CMakeTmp'
Building CXX object CMakeFiles/cmTC_e4f70.dir/testCXXCompiler.cxx.o
/usr/bin/c++      -o CMakeFiles/cmTC_e4f70.dir/testCXXCompiler.cxx.o -c /home/zhangsy/20210127/msisensor-ct/CMakeFiles/CMakeTmp/testCXXCompiler.cxx
Linking CXX executable cmTC_e4f70
/usr/bin/cmake -E cmake_link_script CMakeFiles/cmTC_e4f70.dir/link.txt --verbose=1
/usr/bin/c++        CMakeFiles/cmTC_e4f70.dir/testCXXCompiler.cxx.o  -o cmTC_e4f70 -rdynamic 
make[2]: Leaving directory '/home/zhangsy/20210127/msisensor-ct/CMakeFiles/CMakeTmp'
make[1]: Leaving directory '/home/zhangsy/20210127/msisensor-ct/CMakeFiles/CMakeTmp'


Detecting CXX compiler ABI info compiled with the following output:
Change Dir: /home/zhangsy/20210127/msisensor-ct/CMakeFiles/CMakeTmp

Run Build Command:"/usr/bin/make" "cmTC_867de/fast"
make[1]: Entering directory '/home/zhangsy/20210127/msisensor-ct/CMakeFiles/CMakeTmp'
/usr/bin/make -f CMakeFiles/cmTC_867de.dir/build.make CMakeFiles/cmTC_867de.dir/build
make[2]: Entering directory '/home/zhangsy/20210127/msisensor-ct/CMakeFiles/CMakeTmp'
Building CXX object CMakeFiles/cmTC_867de.dir/CMakeCXXCompilerABI.cpp.o
/usr/bin/c++      -o CMakeFiles/cmTC_867de.dir/CMakeCXXCompilerABI.cpp.o -c /usr/share/cmake-3.5/Modules/CMakeCXXCompilerABI.cpp
Linking CXX executable cmTC_867de
/usr/bin/cmake -E cmake_link_script CMakeFiles/cmTC_867de.dir/link.txt --verbose=1
/usr/bin/c++       -v CMakeFiles/cmTC_867de.dir/CMakeCXXCompilerABI.cpp.o  -o cmTC_867de -rdynamic  
Using built-in specs.
COLLECT_GCC=/usr/bin/c++
COLLECT_LTO_WRAPPER=/usr/lib/gcc/x86_64-linux-gnu/5/lto-wrapper
Target: x86_64-linux-gnu
Configured with: ../src/configure -v --with-pkgversion='Ubuntu 5.4.0-6ubuntu1~16.04.11' --with-bugurl=file:///usr/share/doc/gcc-5/README.Bugs --enable-languages=c,ada,c++,java,go,d,fortran,objc,obj-c++ --prefix=/usr --program-suffix=-5 --enable-shared --enable-linker-build-id --libexecdir=/usr/lib --without-included-gettext --enable-threads=posix --libdir=/usr/lib --enable-nls --with-sysroot=/ --enable-clocale=gnu --enable-libstdcxx-debug --enable-libstdcxx-time=yes --with-default-libstdcxx-abi=new --enable-gnu-unique-object --disable-vtable-verify --enable-libmpx --enable-plugin --with-system-zlib --disable-browser-plugin --enable-java-awt=gtk --enable-gtk-cairo --with-java-home=/usr/lib/jvm/java-1.5.0-gcj-5-amd64/jre --enable-java-home --with-jvm-root-dir=/usr/lib/jvm/java-1.5.0-gcj-5-amd64 --with-jvm-jar-dir=/usr/lib/jvm-exports/java-1.5.0-gcj-5-amd64 --with-arch-directory=amd64 --with-ecj-jar=/usr/share/java/eclipse-ecj.jar --enable-objc-gc --enable-multiarch --disable-werror --with-arch-32=i686 --with-abi=m64 --with-multilib-list=m32,m64,mx32 --enable-multilib --with-tune=generic --enable-checking=release --build=x86_64-linux-gnu --host=x86_64-linux-gnu --target=x86_64-linux-gnu
Thread model: posix
gcc version 5.4.0 20160609 (Ubuntu 5.4.0-6ubuntu1~16.04.11) 
COMPILER_PATH=/usr/lib/gcc/x86_64-linux-gnu/5/:/usr/lib/gcc/x86_64-linux-gnu/5/:/usr/lib/gcc/x86_64-linux-gnu/:/usr/lib/gcc/x86_64-linux-gnu/5/:/usr/lib/gcc/x86_64-linux-gnu/
LIBRARY_PATH=/usr/lib/gcc/x86_64-linux-gnu/5/:/usr/lib/gcc/x86_64-linux-gnu/5/../../../x86_64-linux-gnu/:/usr/lib/gcc/x86_64-linux-gnu/5/../../../../lib/:/lib/x86_64-linux-gnu/:/lib/../lib/:/usr/lib/x86_64-linux-gnu/:/usr/lib/../lib/:/usr/lib/gcc/x86_64-linux-gnu/5/../../../:/lib/:/usr/lib/
COLLECT_GCC_OPTIONS='-v' '-o' 'cmTC_867de' '-rdynamic' '-shared-libgcc' '-mtune=generic' '-march=x86-64'
 /usr/lib/gcc/x86_64-linux-gnu/5/collect2 -plugin /usr/lib/gcc/x86_64-linux-gnu/5/liblto_plugin.so -plugin-opt=/usr/lib/gcc/x86_64-linux-gnu/5/lto-wrapper -plugin-opt=-fresolution=/tmp/ccRTZKGA.res -plugin-opt=-pass-through=-lgcc_s -plugin-opt=-pass-through=-lgcc -plugin-opt=-pass-through=-lc -plugin-opt=-pass-through=-lgcc_s -plugin-opt=-pass-through=-lgcc --sysroot=/ --build-id --eh-frame-hdr -m elf_x86_64 --hash-style=gnu --as-needed -export-dynamic -dynamic-linker /lib64/ld-linux-x86-64.so.2 -z relro -o cmTC_867de /usr/lib/gcc/x86_64-linux-gnu/5/../../../x86_64-linux-gnu/crt1.o /usr/lib/gcc/x86_64-linux-gnu/5/../../../x86_64-linux-gnu/crti.o /usr/lib/gcc/x86_64-linux-gnu/5/crtbegin.o -L/usr/lib/gcc/x86_64-linux-gnu/5 -L/usr/lib/gcc/x86_64-linux-gnu/5/../../../x86_64-linux-gnu -L/usr/lib/gcc/x86_64-linux-gnu/5/../../../../lib -L/lib/x86_64-linux-gnu -L/lib/../lib -L/usr/lib/x86_64-linux-gnu -L/usr/lib/../lib -L/usr/lib/gcc/x86_64-linux-gnu/5/../../.. CMakeFiles/cmTC_867de.dir/CMakeCXXCompilerABI.cpp.o -lstdc++ -lm -lgcc_s -lgcc -lc -lgcc_s -lgcc /usr/lib/gcc/x86_64-linux-gnu/5/crtend.o /usr/lib/gcc/x86_64-linux-gnu/5/../../../x86_64-linux-gnu/crtn.o
make[2]: Leaving directory '/home/zhangsy/20210127/msisensor-ct/CMakeFiles/CMakeTmp'
make[1]: Leaving directory '/home/zhangsy/20210127/msisensor-ct/CMakeFiles/CMakeTmp'


Parsed CXX implicit link information from above output:
  link line regex: [^( *|.*[/\])(ld|([^/\]+-)?ld|collect2)[^/\]*( |$)]
  ignore line: [Change Dir: /home/zhangsy/20210127/msisensor-ct/CMakeFiles/CMakeTmp]
  ignore line: []
  ignore line: [Run Build Command:"/usr/bin/make" "cmTC_867de/fast"]
  ignore line: [make[1]: Entering directory '/home/zhangsy/20210127/msisensor-ct/CMakeFiles/CMakeTmp']
  ignore line: [/usr/bin/make -f CMakeFiles/cmTC_867de.dir/build.make CMakeFiles/cmTC_867de.dir/build]
  ignore line: [make[2]: Entering directory '/home/zhangsy/20210127/msisensor-ct/CMakeFiles/CMakeTmp']
  ignore line: [Building CXX object CMakeFiles/cmTC_867de.dir/CMakeCXXCompilerABI.cpp.o]
  ignore line: [/usr/bin/c++      -o CMakeFiles/cmTC_867de.dir/CMakeCXXCompilerABI.cpp.o -c /usr/share/cmake-3.5/Modules/CMakeCXXCompilerABI.cpp]
  ignore line: [Linking CXX executable cmTC_867de]
  ignore line: [/usr/bin/cmake -E cmake_link_script CMakeFiles/cmTC_867de.dir/link.txt --verbose=1]
  ignore line: [/usr/bin/c++       -v CMakeFiles/cmTC_867de.dir/CMakeCXXCompilerABI.cpp.o  -o cmTC_867de -rdynamic  ]
  ignore line: [Using built-in specs.]
  ignore line: [COLLECT_GCC=/usr/bin/c++]
  ignore line: [COLLECT_LTO_WRAPPER=/usr/lib/gcc/x86_64-linux-gnu/5/lto-wrapper]
  ignore line: [Target: x86_64-linux-gnu]
  ignore line: [Configured with: ../src/configure -v --with-pkgversion='Ubuntu 5.4.0-6ubuntu1~16.04.11' --with-bugurl=file:///usr/share/doc/gcc-5/README.Bugs --enable-languages=c,ada,c++,java,go,d,fortran,objc,obj-c++ --prefix=/usr --program-suffix=-5 --enable-shared --enable-linker-build-id --libexecdir=/usr/lib --without-included-gettext --enable-threads=posix --libdir=/usr/lib --enable-nls --with-sysroot=/ --enable-clocale=gnu --enable-libstdcxx-debug --enable-libstdcxx-time=yes --with-default-libstdcxx-abi=new --enable-gnu-unique-object --disable-vtable-verify --enable-libmpx --enable-plugin --with-system-zlib --disable-browser-plugin --enable-java-awt=gtk --enable-gtk-cairo --with-java-home=/usr/lib/jvm/java-1.5.0-gcj-5-amd64/jre --enable-java-home --with-jvm-root-dir=/usr/lib/jvm/java-1.5.0-gcj-5-amd64 --with-jvm-jar-dir=/usr/lib/jvm-exports/java-1.5.0-gcj-5-amd64 --with-arch-directory=amd64 --with-ecj-jar=/usr/share/java/eclipse-ecj.jar --enable-objc-gc --enable-multiarch --disable-werror --with-arch-32=i686 --with-abi=m64 --with-multilib-list=m32,m64,mx32 --enable-multilib --with-tune=generic --enable-checking=release --build=x86_64-linux-gnu --host=x86_64-linux-gnu --target=x86_64-linux-gnu]
  ignore line: [Thread model: posix]
  ignore line: [gcc version 5.4.0 20160609 (Ubuntu 5.4.0-6ubuntu1~16.04.11) ]
  ignore line: [COMPILER_PATH=/usr/lib/gcc/x86_64-linux-gnu/5/:/usr/lib/gcc/x86_64-linux-gnu/5/:/usr/lib/gcc/x86_64-linux-gnu/:/usr/lib/gcc/x86_64-linux-gnu/5/:/usr/lib/gcc/x86_64-linux-gnu/]
  ignore line: [LIBRARY_PATH=/usr/lib/gcc/x86_64-linux-gnu/5/:/usr/lib/gcc/x86_64-linux-gnu/5/../../../x86_64-linux-gnu/:/usr/lib/gcc/x86_64-linux-gnu/5/../../../../lib/:/lib/x86_64-linux-gnu/:/lib/../lib/:/usr/lib/x86_64-linux-gnu/:/usr/lib/../lib/:/usr/lib/gcc/x86_64-linux-gnu/5/../../../:/lib/:/usr/lib/]
  ignore line: [COLLECT_GCC_OPTIONS='-v' '-o' 'cmTC_867de' '-rdynamic' '-shared-libgcc' '-mtune=generic' '-march=x86-64']
  link line: [ /usr/lib/gcc/x86_64-linux-gnu/5/collect2 -plugin /usr/lib/gcc/x86_64-linux-gnu/5/liblto_plugin.so -plugin-opt=/usr/lib/gcc/x86_64-linux-gnu/5/lto-wrapper -plugin-opt=-fresolution=/tmp/ccRTZKGA.res -plugin-opt=-pass-through=-lgcc_s -plugin-opt=-pass-through=-lgcc -plugin-opt=-pass-through=-lc -plugin-opt=-pass-through=-lgcc_s -plugin-opt=-pass-through=-lgcc --sysroot=/ --build-id --eh-frame-hdr -m elf_x86_64 --hash-style=gnu --as-needed -export-dynamic -dynamic-linker /lib64/ld-linux-x86-64.so.2 -z relro -o cmTC_867de /usr/lib/gcc/x86_64-linux-gnu/5/../../../x86_64-linux-gnu/crt1.o /usr/lib/gcc/x86_64-linux-gnu/5/../../../x86_64-linux-gnu/crti.o /usr/lib/gcc/x86_64-linux-gnu/5/crtbegin.o -L/usr/lib/gcc/x86_64-linux-gnu/5 -L/usr/lib/gcc/x86_64-linux-gnu/5/../../../x86_64-linux-gnu -L/usr/lib/gcc/x86_64-linux-gnu/5/../../../../lib -L/lib/x86_64-linux-gnu -L/lib/../lib -L/usr/lib/x86_64-linux-gnu -L/usr/lib/../lib -L/usr/lib/gcc/x86_64-linux-gnu/5/../../.. CMakeFiles/cmTC_867de.dir/CMakeCXXCompilerABI.cpp.o -lstdc++ -lm -lgcc_s -lgcc -lc -lgcc_s -lgcc /usr/lib/gcc/x86_64-linux-gnu/5/crtend.o /usr/lib/gcc/x86_64-linux-gnu/5/../../../x86_64-linux-gnu/crtn.o]
    arg [/usr/lib/gcc/x86_64-linux-gnu/5/collect2] ==> ignore
    arg [-plugin] ==> ignore
    arg [/usr/lib/gcc/x86_64-linux-gnu/5/liblto_plugin.so] ==> ignore
    arg [-plugin-opt=/usr/lib/gcc/x86_64-linux-gnu/5/lto-wrapper] ==> ignore
    arg [-plugin-opt=-fresolution=/tmp/ccRTZKGA.res] ==> ignore
    arg [-plugin-opt=-pass-through=-lgcc_s] ==> ignore
    arg [-plugin-opt=-pass-through=-lgcc] ==> ignore
    arg [-plugin-opt=-pass-through=-lc] ==> ignore
    arg [-plugin-opt=-pass-through=-lgcc_s] ==> ignore
    arg [-plugin-opt=-pass-through=-lgcc] ==> ignore
    arg [--sysroot=/] ==> ignore
    arg [--build-id] ==> ignore
    arg [--eh-frame-hdr] ==> ignore
    arg [-m] ==> ignore
    arg [elf_x86_64] ==> ignore
    arg [--hash-style=gnu] ==> ignore
    arg [--as-needed] ==> ignore
    arg [-export-dynamic] ==> ignore
    arg [-dynamic-linker] ==> ignore
    arg [/lib64/ld-linux-x86-64.so.2] ==> ignore
    arg [-zrelro] ==> ignore
    arg [-o] ==> ignore
    arg [cmTC_867de] ==> ignore
    arg [/usr/lib/gcc/x86_64-linux-gnu/5/../../../x86_64-linux-gnu/crt1.o] ==> ignore
    arg [/usr/lib/gcc/x86_64-linux-gnu/5/../../../x86_64-linux-gnu/crti.o] ==> ignore
    arg [/usr/lib/gcc/x86_64-linux-gnu/5/crtbegin.o] ==> ignore
    arg [-L/usr/lib/gcc/x86_64-linux-gnu/5] ==> dir [/usr/lib/gcc/x86_64-linux-gnu/5]
    arg [-L/usr/lib/gcc/x86_64-linux-gnu/5/../../../x86_64-linux-gnu] ==> dir [/usr/lib/gcc/x86_64-linux-gnu/5/../../../x86_64-linux-gnu]
    arg [-L/usr/lib/gcc/x86_64-linux-gnu/5/../../../../lib] ==> dir [/usr/lib/gcc/x86_64-linux-gnu/5/../../../../lib]
    arg [-L/lib/x86_64-linux-gnu] ==> dir [/lib/x86_64-linux-gnu]
    arg [-L/lib/../lib] ==> dir [/lib/../lib]
    arg [-L/usr/lib/x86_64-linux-gnu] ==> dir [/usr/lib/x86_64-linux-gnu]
    arg [-L/usr/lib/../lib] ==> dir [/usr/lib/../lib]
    arg [-L/usr/lib/gcc/x86_64-linux-gnu/5/../../..] ==> dir [/usr/lib/gcc/x86_64-linux-gnu/5/../../..]
    arg [CMakeFiles/cmTC_867de.dir/CMakeCXXCompilerABI.cpp.o] ==> ignore
    arg [-lstdc++] ==> lib [stdc++]
    arg [-lm] ==> lib [m]
    arg [-lgcc_s] ==> lib [gcc_s]
    arg [-lgcc] ==> lib [gcc]
    arg [-lc] ==> lib [c]
    arg [-lgcc_s] ==> lib [gcc_s]
    arg [-lgcc] ==> lib [gcc]
    arg [/usr/lib/gcc/x86_64-linux-gnu/5/crtend.o] ==> ignore
    arg [/usr/lib/gcc/x86_64-linux-gnu/5/../../../x86_64-linux-gnu/crtn.o] ==> ignore
  remove lib [gcc_s]
  remove lib [gcc]
  remove lib [gcc_s]
  remove lib [gcc]
  collapse library dir [/usr/lib/gcc/x86_64-linux-gnu/5] ==> [/usr/lib/gcc/x86_64-linux-gnu/5]
  collapse library dir [/usr/lib/gcc/x86_64-linux-gnu/5/../../../x86_64-linux-gnu] ==> [/usr/lib/x86_64-linux-gnu]
  collapse library dir [/usr/lib/gcc/x86_64-linux-gnu/5/../../../../lib] ==> [/usr/lib]
  collapse library dir [/lib/x86_64-linux-gnu] ==> [/lib/x86_64-linux-gnu]
  collapse library dir [/lib/../lib] ==> [/lib]
  collapse library dir [/usr/lib/x86_64-linux-gnu] ==> [/usr/lib/x86_64-linux-gnu]
  collapse library dir [/usr/lib/../lib] ==> [/usr/lib]
  collapse library dir [/usr/lib/gcc/x86_64-linux-gnu/5/../../..] ==> [/usr/lib]
  implicit libs: [stdc++;m;c]
  implicit dirs: [/usr/lib/gcc/x86_64-linux-gnu/5;/usr/lib/x86_64-linux-gnu;/usr/lib;/lib/x86_64-linux-gnu;/lib]
  implicit fwks: []




Detecting CXX [-std=c++14] compiler features compiled with the following output:
Change Dir: /home/zhangsy/20210127/msisensor-ct/CMakeFiles/CMakeTmp

Run Build Command:"/usr/bin/make" "cmTC_973b3/fast"
make[1]: Entering directory '/home/zhangsy/20210127/msisensor-ct/CMakeFiles/CMakeTmp'
/usr/bin/make -f CMakeFiles/cmTC_973b3.dir/build.make CMakeFiles/cmTC_973b3.dir/build
make[2]: Entering directory '/home/zhangsy/20210127/msisensor-ct/CMakeFiles/CMakeTmp'
Building CXX object CMakeFiles/cmTC_973b3.dir/feature_tests.cxx.o
/usr/bin/c++     -std=c++14 -o CMakeFiles/cmTC_973b3.dir/feature_tests.cxx.o -c /home/zhangsy/20210127/msisensor-ct/CMakeFiles/feature_tests.cxx
Linking CXX executable cmTC_973b3
/usr/bin/cmake -E cmake_link_script CMakeFiles/cmTC_973b3.dir/link.txt --verbose=1
/usr/bin/c++        CMakeFiles/cmTC_973b3.dir/feature_tests.cxx.o  -o cmTC_973b3 -rdynamic 
make[2]: Leaving directory '/home/zhangsy/20210127/msisensor-ct/CMakeFiles/CMakeTmp'
make[1]: Leaving directory '/home/zhangsy/20210127/msisensor-ct/CMakeFiles/CMakeTmp'


    Feature record: CXX_FEATURE:1cxx_aggregate_default_initializers
    Feature record: CXX_FEATURE:1cxx_alias_templates
    Feature record: CXX_FEATURE:1cxx_alignas
    Feature record: CXX_FEATURE:1cxx_alignof
    Feature record: CXX_FEATURE:1cxx_attributes
    Feature record: CXX_FEATURE:1cxx_attribute_deprecated
    Feature record: CXX_FEATURE:1cxx_auto_type
    Feature record: CXX_FEATURE:1cxx_binary_literals
    Feature record: CXX_FEATURE:1cxx_constexpr
    Feature record: CXX_FEATURE:1cxx_contextual_conversions
    Feature record: CXX_FEATURE:1cxx_decltype
    Feature record: CXX_FEATURE:1cxx_decltype_auto
    Feature record: CXX_FEATURE:1cxx_decltype_incomplete_return_types
    Feature record: CXX_FEATURE:1cxx_default_function_template_args
    Feature record: CXX_FEATURE:1cxx_defaulted_functions
    Feature record: CXX_FEATURE:1cxx_defaulted_move_initializers
    Feature record: CXX_FEATURE:1cxx_delegating_constructors
    Feature record: CXX_FEATURE:1cxx_deleted_functions
    Feature record: CXX_FEATURE:1cxx_digit_separators
    Feature record: CXX_FEATURE:1cxx_enum_forward_declarations
    Feature record: CXX_FEATURE:1cxx_explicit_conversions
    Feature record: CXX_FEATURE:1cxx_extended_friend_declarations
    Feature record: CXX_FEATURE:1cxx_extern_templates
    Feature record: CXX_FEATURE:1cxx_final
    Feature record: CXX_FEATURE:1cxx_func_identifier
    Feature record: CXX_FEATURE:1cxx_generalized_initializers
    Feature record: CXX_FEATURE:1cxx_generic_lambdas
    Feature record: CXX_FEATURE:1cxx_inheriting_constructors
    Feature record: CXX_FEATURE:1cxx_inline_namespaces
    Feature record: CXX_FEATURE:1cxx_lambdas
    Feature record: CXX_FEATURE:1cxx_lambda_init_captures
    Feature record: CXX_FEATURE:1cxx_local_type_template_args
    Feature record: CXX_FEATURE:1cxx_long_long_type
    Feature record: CXX_FEATURE:1cxx_noexcept
    Feature record: CXX_FEATURE:1cxx_nonstatic_member_init
    Feature record: CXX_FEATURE:1cxx_nullptr
    Feature record: CXX_FEATURE:1cxx_override
    Feature record: CXX_FEATURE:1cxx_range_for
    Feature record: CXX_FEATURE:1cxx_raw_string_literals
    Feature record: CXX_FEATURE:1cxx_reference_qualified_functions
    Feature record: CXX_FEATURE:1cxx_relaxed_constexpr
    Feature record: CXX_FEATURE:1cxx_return_type_deduction
    Feature record: CXX_FEATURE:1cxx_right_angle_brackets
    Feature record: CXX_FEATURE:1cxx_rvalue_references
    Feature record: CXX_FEATURE:1cxx_sizeof_member
    Feature record: CXX_FEATURE:1cxx_static_assert
    Feature record: CXX_FEATURE:1cxx_strong_enums
    Feature record: CXX_FEATURE:1cxx_template_template_parameters
    Feature record: CXX_FEATURE:1cxx_thread_local
    Feature record: CXX_FEATURE:1cxx_trailing_return_types
    Feature record: CXX_FEATURE:1cxx_unicode_literals
    Feature record: CXX_FEATURE:1cxx_uniform_initialization
    Feature record: CXX_FEATURE:1cxx_unrestricted_unions
    Feature record: CXX_FEATURE:1cxx_user_literals
    Feature record: CXX_FEATURE:1cxx_variable_templates
    Feature record: CXX_FEATURE:1cxx_variadic_macros
    Feature record: CXX_FEATURE:1cxx_variadic_templates


Detecting CXX [-std=c++11] compiler features compiled with the following output:
Change Dir: /home/zhangsy/20210127/msisensor-ct/CMakeFiles/CMakeTmp

Run Build Command:"/usr/bin/make" "cmTC_f58bc/fast"
make[1]: Entering directory '/home/zhangsy/20210127/msisensor-ct/CMakeFiles/CMakeTmp'
/usr/bin/make -f CMakeFiles/cmTC_f58bc.dir/build.make CMakeFiles/cmTC_f58bc.dir/build
make[2]: Entering directory '/home/zhangsy/20210127/msisensor-ct/CMakeFiles/CMakeTmp'
Building CXX object CMakeFiles/cmTC_f58bc.dir/feature_tests.cxx.o
/usr/bin/c++     -std=c++11 -o CMakeFiles/cmTC_f58bc.dir/feature_tests.cxx.o -c /home/zhangsy/20210127/msisensor-ct/CMakeFiles/feature_tests.cxx
Linking CXX executable cmTC_f58bc
/usr/bin/cmake -E cmake_link_script CMakeFiles/cmTC_f58bc.dir/link.txt --verbose=1
/usr/bin/c++        CMakeFiles/cmTC_f58bc.dir/feature_tests.cxx.o  -o cmTC_f58bc -rdynamic 
make[2]: Leaving directory '/home/zhangsy/20210127/msisensor-ct/CMakeFiles/CMakeTmp'
make[1]: Leaving directory '/home/zhangsy/20210127/msisensor-ct/CMakeFiles/CMakeTmp'


    Feature record: CXX_FEATURE:0cxx_aggregate_default_initializers
    Feature record: CXX_FEATURE:1cxx_alias_templates
    Feature record: CXX_FEATURE:1cxx_alignas
    Feature record: CXX_FEATURE:1cxx_alignof
    Feature record: CXX_FEATURE:1cxx_attributes
    Feature record: CXX_FEATURE:0cxx_attribute_deprecated
    Feature record: CXX_FEATURE:1cxx_auto_type
    Feature record: CXX_FEATURE:0cxx_binary_literals
    Feature record: CXX_FEATURE:1cxx_constexpr
    Feature record: CXX_FEATURE:0cxx_contextual_conversions
    Feature record: CXX_FEATURE:1cxx_decltype
    Feature record: CXX_FEATURE:0cxx_decltype_auto
    Feature record: CXX_FEATURE:1cxx_decltype_incomplete_return_types
    Feature record: CXX_FEATURE:1cxx_default_function_template_args
    Feature record: CXX_FEATURE:1cxx_defaulted_functions
    Feature record: CXX_FEATURE:1cxx_defaulted_move_initializers
    Feature record: CXX_FEATURE:1cxx_delegating_constructors
    Feature record: CXX_FEATURE:1cxx_deleted_functions
    Feature record: CXX_FEATURE:0cxx_digit_separators
    Feature record: CXX_FEATURE:1cxx_enum_forward_declarations
    Feature record: CXX_FEATURE:1cxx_explicit_conversions
    Feature record: CXX_FEATURE:1cxx_extended_friend_declarations
    Feature record: CXX_FEATURE:1cxx_extern_templates
    Feature record: CXX_FEATURE:1cxx_final
    Feature record: CXX_FEATURE:1cxx_func_identifier
    Feature record: CXX_FEATURE:1cxx_generalized_initializers
    Feature record: CXX_FEATURE:0cxx_generic_lambdas
    Feature record: CXX_FEATURE:1cxx_inheriting_constructors
    Feature record: CXX_FEATURE:1cxx_inline_namespaces
    Feature record: CXX_FEATURE:1cxx_lambdas
    Feature record: CXX_FEATURE:0cxx_lambda_init_captures
    Feature record: CXX_FEATURE:1cxx_local_type_template_args
    Feature record: CXX_FEATURE:1cxx_long_long_type
    Feature record: CXX_FEATURE:1cxx_noexcept
    Feature record: CXX_FEATURE:1cxx_nonstatic_member_init
    Feature record: CXX_FEATURE:1cxx_nullptr
    Feature record: CXX_FEATURE:1cxx_override
    Feature record: CXX_FEATURE:1cxx_range_for
    Feature record: CXX_FEATURE:1cxx_raw_string_literals
    Feature record: CXX_FEATURE:1cxx_reference_qualified_functions
    Feature record: CXX_FEATURE:0cxx_relaxed_constexpr
    Feature record: CXX_FEATURE:0cxx_return_type_deduction
    Feature record: CXX_FEATURE:1cxx_right_angle_brackets
    Feature record: CXX_FEATURE:1cxx_rvalue_references
    Feature record: CXX_FEATURE:1cxx_sizeof_member
    Feature record: CXX_FEATURE:1cxx_static_assert
    Feature record: CXX_FEATURE:1cxx_strong_enums
    Feature record: CXX_FEATURE:1cxx_template_template_parameters
    Feature record: CXX_FEATURE:1cxx_thread_local
    Feature record: CXX_FEATURE:1cxx_trailing_return_types
    Feature record: CXX_FEATURE:1cxx_unicode_literals
    Feature record: CXX_FEATURE:1cxx_uniform_initialization
    Feature record: CXX_FEATURE:1cxx_unrestricted_unions
    Feature record: CXX_FEATURE:1cxx_user_literals
    Feature record: CXX_FEATURE:0cxx_variable_templates
    Feature record: CXX_FEATURE:1cxx_variadic_macros
    Feature record: CXX_FEATURE:1cxx_variadic_templates


Detecting CXX [-std=c++98] compiler features compiled with the following output:
Change Dir: /home/zhangsy/20210127/msisensor-ct/CMakeFiles/CMakeTmp

Run Build Command:"/usr/bin/make" "cmTC_e711b/fast"
make[1]: Entering directory '/home/zhangsy/20210127/msisensor-ct/CMakeFiles/CMakeTmp'
/usr/bin/make -f CMakeFiles/cmTC_e711b.dir/build.make CMakeFiles/cmTC_e711b.dir/build
make[2]: Entering directory '/home/zhangsy/20210127/msisensor-ct/CMakeFiles/CMakeTmp'
Building CXX object CMakeFiles/cmTC_e711b.dir/feature_tests.cxx.o
/usr/bin/c++     -std=c++98 -o CMakeFiles/cmTC_e711b.dir/feature_tests.cxx.o -c /home/zhangsy/20210127/msisensor-ct/CMakeFiles/feature_tests.cxx
Linking CXX executable cmTC_e711b
/usr/bin/cmake -E cmake_link_script CMakeFiles/cmTC_e711b.dir/link.txt --verbose=1
/usr/bin/c++        CMakeFiles/cmTC_e711b.dir/feature_tests.cxx.o  -o cmTC_e711b -rdynamic 
make[2]: Leaving directory '/home/zhangsy/20210127/msisensor-ct/CMakeFiles/CMakeTmp'
make[1]: Leaving directory '/home/zhangsy/20210127/msisensor-ct/CMakeFiles/CMakeTmp'


    Feature record: CXX_FEATURE:0cxx_aggregate_default_initializers
    Feature record: CXX_FEATURE:0cxx_alias_templates
    Feature record: CXX_FEATURE:0cxx_alignas
    Feature record: CXX_FEATURE:0cxx_alignof
    Feature record: CXX_FEATURE:0cxx_attributes
    Feature record: CXX_FEATURE:0cxx_attribute_deprecated
    Feature record: CXX_FEATURE:0cxx_auto_type
    Feature record: CXX_FEATURE:0cxx_binary_literals
    Feature record: CXX_FEATURE:0cxx_constexpr
    Feature record: CXX_FEATURE:0cxx_contextual_conversions
    Feature record: CXX_FEATURE:0cxx_decltype
    Feature record: CXX_FEATURE:0cxx_decltype_auto
    Feature record: CXX_FEATURE:0cxx_decltype_incomplete_return_types
    Feature record: CXX_FEATURE:0cxx_default_function_template_args
    Feature record: CXX_FEATURE:0cxx_defaulted_functions
    Feature record: CXX_FEATURE:0cxx_defaulted_move_initializers
    Feature record: CXX_FEATURE:0cxx_delegating_constructors
    Feature record: CXX_FEATURE:0cxx_deleted_functions
    Feature record: CXX_FEATURE:0cxx_digit_separators
    Feature record: CXX_FEATURE:0cxx_enum_forward_declarations
    Feature record: CXX_FEATURE:0cxx_explicit_conversions
    Feature record: CXX_FEATURE:0cxx_extended_friend_declarations
    Feature record: CXX_FEATURE:0cxx_extern_templates
    Feature record: CXX_FEATURE:0cxx_final
    Feature record: CXX_FEATURE:0cxx_func_identifier
    Feature record: CXX_FEATURE:0cxx_generalized_initializers
    Feature record: CXX_FEATURE:0cxx_generic_lambdas
    Feature record: CXX_FEATURE:0cxx_inheriting_constructors
    Feature record: CXX_FEATURE:0cxx_inline_namespaces
    Feature record: CXX_FEATURE:0cxx_lambdas
    Feature record: CXX_FEATURE:0cxx_lambda_init_captures
    Feature record: CXX_FEATURE:0cxx_local_type_template_args
    Feature record: CXX_FEATURE:0cxx_long_long_type
    Feature record: CXX_FEATURE:0cxx_noexcept
    Feature record: CXX_FEATURE:0cxx_nonstatic_member_init
    Feature record: CXX_FEATURE:0cxx_nullptr
    Feature record: CXX_FEATURE:0cxx_override
    Feature record: CXX_FEATURE:0cxx_range_for
    Feature record: CXX_FEATURE:0cxx_raw_string_literals
    Feature record: CXX_FEATURE:0cxx_reference_qualified_functions
    Feature record: CXX_FEATURE:0cxx_relaxed_constexpr
    Feature record: CXX_FEATURE:0cxx_return_type_deduction
    Feature record: CXX_FEATURE:0cxx_right_angle_brackets
    Feature record: CXX_FEATURE:0cxx_rvalue_references
    Feature record: CXX_FEATURE:0cxx_sizeof_member
    Feature record: CXX_FEATURE:0cxx_static_assert
    Feature record: CXX_FEATURE:0cxx_strong_enums
    Feature record: CXX_FEATURE:1cxx_template_template_parameters
    Feature record: CXX_FEATURE:0cxx_thread_local
    Feature record: CXX_FEATURE:0cxx_trailing_return_types
    Feature record: CXX_FEATURE:0cxx_unicode_literals
    Feature record: CXX_FEATURE:0cxx_uniform_initialization
    Feature record: CXX_FEATURE:0cxx_unrestricted_unions
    Feature record: CXX_FEATURE:0cxx_user_literals
    Feature record: CXX_FEATURE:0cxx_variable_templates
    Feature record: CXX_FEATURE:0cxx_variadic_macros
    Feature record: CXX_FEATURE:0cxx_variadic_templates
Performing C SOURCE FILE Test OpenMP_FLAG_DETECTED succeeded with the following output:
Change Dir: /home/zhangsy/20210127/msisensor-ct/CMakeFiles/CMakeTmp

Run Build Command:"/usr/bin/make" "cmTC_14584/fast"
make[1]: Entering directory '/home/zhangsy/20210127/msisensor-ct/CMakeFiles/CMakeTmp'
/usr/bin/make -f CMakeFiles/cmTC_14584.dir/build.make CMakeFiles/cmTC_14584.dir/build
make[2]: Entering directory '/home/zhangsy/20210127/msisensor-ct/CMakeFiles/CMakeTmp'
Building C object CMakeFiles/cmTC_14584.dir/src.c.o
/usr/bin/cc    -DOpenMP_FLAG_DETECTED -fopenmp   -o CMakeFiles/cmTC_14584.dir/src.c.o   -c /home/zhangsy/20210127/msisensor-ct/CMakeFiles/CMakeTmp/src.c
Linking C executable cmTC_14584
/usr/bin/cmake -E cmake_link_script CMakeFiles/cmTC_14584.dir/link.txt --verbose=1
/usr/bin/cc   -DOpenMP_FLAG_DETECTED -fopenmp    CMakeFiles/cmTC_14584.dir/src.c.o  -o cmTC_14584 -rdynamic 
make[2]: Leaving directory '/home/zhangsy/20210127/msisensor-ct/CMakeFiles/CMakeTmp'
make[1]: Leaving directory '/home/zhangsy/20210127/msisensor-ct/CMakeFiles/CMakeTmp'

Source file was:

#include <omp.h>
int main() {
#ifdef _OPENMP
  return 0;
#else
  breaks_on_purpose
#endif
}

Performing C++ SOURCE FILE Test OpenMP_FLAG_DETECTED succeeded with the following output:
Change Dir: /home/zhangsy/20210127/msisensor-ct/CMakeFiles/CMakeTmp

Run Build Command:"/usr/bin/make" "cmTC_4b977/fast"
make[1]: Entering directory '/home/zhangsy/20210127/msisensor-ct/CMakeFiles/CMakeTmp'
/usr/bin/make -f CMakeFiles/cmTC_4b977.dir/build.make CMakeFiles/cmTC_4b977.dir/build
make[2]: Entering directory '/home/zhangsy/20210127/msisensor-ct/CMakeFiles/CMakeTmp'
Building CXX object CMakeFiles/cmTC_4b977.dir/src.cxx.o
/usr/bin/c++     -DOpenMP_FLAG_DETECTED -fopenmp   -o CMakeFiles/cmTC_4b977.dir/src.cxx.o -c /home/zhangsy/20210127/msisensor-ct/CMakeFiles/CMakeTmp/src.cxx
Linking CXX executable cmTC_4b977
/usr/bin/cmake -E cmake_link_script CMakeFiles/cmTC_4b977.dir/link.txt --verbose=1
/usr/bin/c++    -DOpenMP_FLAG_DETECTED -fopenmp    CMakeFiles/cmTC_4b977.dir/src.cxx.o  -o cmTC_4b977 -rdynamic 
make[2]: Leaving directory '/home/zhangsy/20210127/msisensor-ct/CMakeFiles/CMakeTmp'
make[1]: Leaving directory '/home/zhangsy/20210127/msisensor-ct/CMakeFiles/CMakeTmp'

Source file was:

#include <omp.h>
int main() {
#ifdef _OPENMP
  return 0;
#else
  breaks_on_purpose
#endif
}

Determining if the function clock_gettime exists in the rt passed with the following output:
Change Dir: /home/zhangsy/20210127/msisensor-ct/CMakeFiles/CMakeTmp

Run Build Command:"/usr/bin/make" "cmTC_22683/fast"
make[1]: Entering directory '/home/zhangsy/20210127/msisensor-ct/CMakeFiles/CMakeTmp'
/usr/bin/make -f CMakeFiles/cmTC_22683.dir/build.make CMakeFiles/cmTC_22683.dir/build
make[2]: Entering directory '/home/zhangsy/20210127/msisensor-ct/CMakeFiles/CMakeTmp'
Building C object CMakeFiles/cmTC_22683.dir/CheckFunctionExists.c.o
/usr/bin/cc    -DCHECK_FUNCTION_EXISTS=clock_gettime -fPIE   -o CMakeFiles/cmTC_22683.dir/CheckFunctionExists.c.o   -c /usr/share/cmake-3.5/Modules/CheckFunctionExists.c
Linking C executable cmTC_22683
/usr/bin/cmake -E cmake_link_script CMakeFiles/cmTC_22683.dir/link.txt --verbose=1
/usr/bin/cc   -DCHECK_FUNCTION_EXISTS=clock_gettime    CMakeFiles/cmTC_22683.dir/CheckFunctionExists.c.o  -o cmTC_22683  -L/home/zhangsy/20210127/msisensor-ct/CMakeFiles/CMakeTmp/time.h -rdynamic -lrt -Wl,-rpath,/home/zhangsy/20210127/msisensor-ct/CMakeFiles/CMakeTmp/time.h 
make[2]: Leaving directory '/home/zhangsy/20210127/msisensor-ct/CMakeFiles/CMakeTmp'
make[1]: Leaving directory '/home/zhangsy/20210127/msisensor-ct/CMakeFiles/CMakeTmp'


Determining if the include file cxxabi.h exists passed with the following output:
Change Dir: /home/zhangsy/20210127/msisensor-ct/CMakeFiles/CMakeTmp

Run Build Command:"/usr/bin/make" "cmTC_19476/fast"
make[1]: Entering directory '/home/zhangsy/20210127/msisensor-ct/CMakeFiles/CMakeTmp'
/usr/bin/make -f CMakeFiles/cmTC_19476.dir/build.make CMakeFiles/cmTC_19476.dir/build
make[2]: Entering directory '/home/zhangsy/20210127/msisensor-ct/CMakeFiles/CMakeTmp'
Building CXX object CMakeFiles/cmTC_19476.dir/CheckIncludeFile.cxx.o
/usr/bin/c++     -fopenmp -D_MWAITXINTRIN_H_INCLUDED -D_FORCE_INLINES -funroll-loops  -fPIE   -o CMakeFiles/cmTC_19476.dir/CheckIncludeFile.cxx.o -c /home/zhangsy/20210127/msisensor-ct/CMakeFiles/CMakeTmp/CheckIncludeFile.cxx
Linking CXX executable cmTC_19476
/usr/bin/cmake -E cmake_link_script CMakeFiles/cmTC_19476.dir/link.txt --verbose=1
/usr/bin/c++    -fopenmp -D_MWAITXINTRIN_H_INCLUDED -D_FORCE_INLINES -funroll-loops     CMakeFiles/cmTC_19476.dir/CheckIncludeFile.cxx.o  -o cmTC_19476 -rdynamic 
make[2]: Leaving directory '/home/zhangsy/20210127/msisensor-ct/CMakeFiles/CMakeTmp'
make[1]: Leaving directory '/home/zhangsy/20210127/msisensor-ct/CMakeFiles/CMakeTmp'


Determining if the include file execinfo.h exists passed with the following output:
Change Dir: /home/zhangsy/20210127/msisensor-ct/CMakeFiles/CMakeTmp

Run Build Command:"/usr/bin/make" "cmTC_0dc66/fast"
make[1]: Entering directory '/home/zhangsy/20210127/msisensor-ct/CMakeFiles/CMakeTmp'
/usr/bin/make -f CMakeFiles/cmTC_0dc66.dir/build.make CMakeFiles/cmTC_0dc66.dir/build
make[2]: Entering directory '/home/zhangsy/20210127/msisensor-ct/CMakeFiles/CMakeTmp'
Building C object CMakeFiles/cmTC_0dc66.dir/CheckIncludeFile.c.o
/usr/bin/cc    -fPIE   -o CMakeFiles/cmTC_0dc66.dir/CheckIncludeFile.c.o   -c /home/zhangsy/20210127/msisensor-ct/CMakeFiles/CMakeTmp/CheckIncludeFile.c
Linking C executable cmTC_0dc66
/usr/bin/cmake -E cmake_link_script CMakeFiles/cmTC_0dc66.dir/link.txt --verbose=1
/usr/bin/cc       CMakeFiles/cmTC_0dc66.dir/CheckIncludeFile.c.o  -o cmTC_0dc66 -rdynamic 
make[2]: Leaving directory '/home/zhangsy/20210127/msisensor-ct/CMakeFiles/CMakeTmp'
make[1]: Leaving directory '/home/zhangsy/20210127/msisensor-ct/CMakeFiles/CMakeTmp'


Determining if the nanosleep exist passed with the following output:
Change Dir: /home/zhangsy/20210127/msisensor-ct/CMakeFiles/CMakeTmp

Run Build Command:"/usr/bin/make" "cmTC_00665/fast"
make[1]: Entering directory '/home/zhangsy/20210127/msisensor-ct/CMakeFiles/CMakeTmp'
/usr/bin/make -f CMakeFiles/cmTC_00665.dir/build.make CMakeFiles/cmTC_00665.dir/build
make[2]: Entering directory '/home/zhangsy/20210127/msisensor-ct/CMakeFiles/CMakeTmp'
Building C object CMakeFiles/cmTC_00665.dir/CheckSymbolExists.c.o
/usr/bin/cc    -fPIE   -o CMakeFiles/cmTC_00665.dir/CheckSymbolExists.c.o   -c /home/zhangsy/20210127/msisensor-ct/CMakeFiles/CMakeTmp/CheckSymbolExists.c
Linking C executable cmTC_00665
/usr/bin/cmake -E cmake_link_script CMakeFiles/cmTC_00665.dir/link.txt --verbose=1
/usr/bin/cc       CMakeFiles/cmTC_00665.dir/CheckSymbolExists.c.o  -o cmTC_00665 -rdynamic 
make[2]: Leaving directory '/home/zhangsy/20210127/msisensor-ct/CMakeFiles/CMakeTmp'
make[1]: Leaving directory '/home/zhangsy/20210127/msisensor-ct/CMakeFiles/CMakeTmp'

File /home/zhangsy/20210127/msisensor-ct/CMakeFiles/CMakeTmp/CheckSymbolExists.c:
/* */
#include <time.h>

int main(int argc, char** argv)
{
  (void)argv;
#ifndef nanosleep
  return ((int*)(&nanosleep))[argc];
#else
  (void)argc;
  return 0;
#endif
}

Determining if the include file sys/types.h exists passed with the following output:
Change Dir: /home/zhangsy/20210127/msisensor-ct/CMakeFiles/CMakeTmp

Run Build Command:"/usr/bin/make" "cmTC_51903/fast"
make[1]: Entering directory '/home/zhangsy/20210127/msisensor-ct/CMakeFiles/CMakeTmp'
/usr/bin/make -f CMakeFiles/cmTC_51903.dir/build.make CMakeFiles/cmTC_51903.dir/build
make[2]: Entering directory '/home/zhangsy/20210127/msisensor-ct/CMakeFiles/CMakeTmp'
Building C object CMakeFiles/cmTC_51903.dir/CheckIncludeFile.c.o
/usr/bin/cc    -fPIE   -o CMakeFiles/cmTC_51903.dir/CheckIncludeFile.c.o   -c /home/zhangsy/20210127/msisensor-ct/CMakeFiles/CMakeTmp/CheckIncludeFile.c
Linking C executable cmTC_51903
/usr/bin/cmake -E cmake_link_script CMakeFiles/cmTC_51903.dir/link.txt --verbose=1
/usr/bin/cc       CMakeFiles/cmTC_51903.dir/CheckIncludeFile.c.o  -o cmTC_51903 -rdynamic 
make[2]: Leaving directory '/home/zhangsy/20210127/msisensor-ct/CMakeFiles/CMakeTmp'
make[1]: Leaving directory '/home/zhangsy/20210127/msisensor-ct/CMakeFiles/CMakeTmp'


Determining if the include file stdint.h exists passed with the following output:
Change Dir: /home/zhangsy/20210127/msisensor-ct/CMakeFiles/CMakeTmp

Run Build Command:"/usr/bin/make" "cmTC_17d5a/fast"
make[1]: Entering directory '/home/zhangsy/20210127/msisensor-ct/CMakeFiles/CMakeTmp'
/usr/bin/make -f CMakeFiles/cmTC_17d5a.dir/build.make CMakeFiles/cmTC_17d5a.dir/build
make[2]: Entering directory '/home/zhangsy/20210127/msisensor-ct/CMakeFiles/CMakeTmp'
Building C object CMakeFiles/cmTC_17d5a.dir/CheckIncludeFile.c.o
/usr/bin/cc    -fPIE   -o CMakeFiles/cmTC_17d5a.dir/CheckIncludeFile.c.o   -c /home/zhangsy/20210127/msisensor-ct/CMakeFiles/CMakeTmp/CheckIncludeFile.c
Linking C executable cmTC_17d5a
/usr/bin/cmake -E cmake_link_script CMakeFiles/cmTC_17d5a.dir/link.txt --verbose=1
/usr/bin/cc       CMakeFiles/cmTC_17d5a.dir/CheckIncludeFile.c.o  -o cmTC_17d5a -rdynamic 
make[2]: Leaving directory '/home/zhangsy/20210127/msisensor-ct/CMakeFiles/CMakeTmp'
make[1]: Leaving directory '/home/zhangsy/20210127/msisensor-ct/CMakeFiles/CMakeTmp'


Determining if the include file stddef.h exists passed with the following output:
Change Dir: /home/zhangsy/20210127/msisensor-ct/CMakeFiles/CMakeTmp

Run Build Command:"/usr/bin/make" "cmTC_7c7ef/fast"
make[1]: Entering directory '/home/zhangsy/20210127/msisensor-ct/CMakeFiles/CMakeTmp'
/usr/bin/make -f CMakeFiles/cmTC_7c7ef.dir/build.make CMakeFiles/cmTC_7c7ef.dir/build
make[2]: Entering directory '/home/zhangsy/20210127/msisensor-ct/CMakeFiles/CMakeTmp'
Building C object CMakeFiles/cmTC_7c7ef.dir/CheckIncludeFile.c.o
/usr/bin/cc    -fPIE   -o CMakeFiles/cmTC_7c7ef.dir/CheckIncludeFile.c.o   -c /home/zhangsy/20210127/msisensor-ct/CMakeFiles/CMakeTmp/CheckIncludeFile.c
Linking C executable cmTC_7c7ef
/usr/bin/cmake -E cmake_link_script CMakeFiles/cmTC_7c7ef.dir/link.txt --verbose=1
/usr/bin/cc       CMakeFiles/cmTC_7c7ef.dir/CheckIncludeFile.c.o  -o cmTC_7c7ef -rdynamic 
make[2]: Leaving directory '/home/zhangsy/20210127/msisensor-ct/CMakeFiles/CMakeTmp'
make[1]: Leaving directory '/home/zhangsy/20210127/msisensor-ct/CMakeFiles/CMakeTmp'


Determining size of unsigned short passed with the following output:
Change Dir: /home/zhangsy/20210127/msisensor-ct/CMakeFiles/CMakeTmp

Run Build Command:"/usr/bin/make" "cmTC_d1daa/fast"
make[1]: Entering directory '/home/zhangsy/20210127/msisensor-ct/CMakeFiles/CMakeTmp'
/usr/bin/make -f CMakeFiles/cmTC_d1daa.dir/build.make CMakeFiles/cmTC_d1daa.dir/build
make[2]: Entering directory '/home/zhangsy/20210127/msisensor-ct/CMakeFiles/CMakeTmp'
Building C object CMakeFiles/cmTC_d1daa.dir/CMAKE_SIZEOF_UNSIGNED_SHORT.c.o
/usr/bin/cc    -fPIE   -o CMakeFiles/cmTC_d1daa.dir/CMAKE_SIZEOF_UNSIGNED_SHORT.c.o   -c /home/zhangsy/20210127/msisensor-ct/CMakeFiles/CheckTypeSize/CMAKE_SIZEOF_UNSIGNED_SHORT.c
Linking C executable cmTC_d1daa
/usr/bin/cmake -E cmake_link_script CMakeFiles/cmTC_d1daa.dir/link.txt --verbose=1
/usr/bin/cc       CMakeFiles/cmTC_d1daa.dir/CMAKE_SIZEOF_UNSIGNED_SHORT.c.o  -o cmTC_d1daa -rdynamic 
make[2]: Leaving directory '/home/zhangsy/20210127/msisensor-ct/CMakeFiles/CMakeTmp'
make[1]: Leaving directory '/home/zhangsy/20210127/msisensor-ct/CMakeFiles/CMakeTmp'


Performing C++ SOURCE FILE Test SUPPORT_CXX11 succeeded with the following output:
Change Dir: /home/zhangsy/20210127/msisensor-ct/CMakeFiles/CMakeTmp

Run Build Command:"/usr/bin/make" "cmTC_b441f/fast"
make[1]: Entering directory '/home/zhangsy/20210127/msisensor-ct/CMakeFiles/CMakeTmp'
/usr/bin/make -f CMakeFiles/cmTC_b441f.dir/build.make CMakeFiles/cmTC_b441f.dir/build
make[2]: Entering directory '/home/zhangsy/20210127/msisensor-ct/CMakeFiles/CMakeTmp'
Building CXX object CMakeFiles/cmTC_b441f.dir/src.cxx.o
/usr/bin/c++     -fopenmp -D_MWAITXINTRIN_H_INCLUDED -D_FORCE_INLINES -funroll-loops -DSUPPORT_CXX11 -fPIE   -std=c++11 -o CMakeFiles/cmTC_b441f.dir/src.cxx.o -c /home/zhangsy/20210127/msisensor-ct/CMakeFiles/CMakeTmp/src.cxx
Linking CXX executable cmTC_b441f
/usr/bin/cmake -E cmake_link_script CMakeFiles/cmTC_b441f.dir/link.txt --verbose=1
/usr/bin/c++    -fopenmp -D_MWAITXINTRIN_H_INCLUDED -D_FORCE_INLINES -funroll-loops -DSUPPORT_CXX11    CMakeFiles/cmTC_b441f.dir/src.cxx.o  -o cmTC_b441f -rdynamic 
make[2]: Leaving directory '/home/zhangsy/20210127/msisensor-ct/CMakeFiles/CMakeTmp'
make[1]: Leaving directory '/home/zhangsy/20210127/msisensor-ct/CMakeFiles/CMakeTmp'

Source file was:
int main() { return 0; }
Performing C++ SOURCE FILE Test SUPPORT_CXX0X succeeded with the following output:
Change Dir: /home/zhangsy/20210127/msisensor-ct/CMakeFiles/CMakeTmp

Run Build Command:"/usr/bin/make" "cmTC_a8c13/fast"
make[1]: Entering directory '/home/zhangsy/20210127/msisensor-ct/CMakeFiles/CMakeTmp'
/usr/bin/make -f CMakeFiles/cmTC_a8c13.dir/build.make CMakeFiles/cmTC_a8c13.dir/build
make[2]: Entering directory '/home/zhangsy/20210127/msisensor-ct/CMakeFiles/CMakeTmp'
Building CXX object CMakeFiles/cmTC_a8c13.dir/src.cxx.o
/usr/bin/c++     -fopenmp -D_MWAITXINTRIN_H_INCLUDED -D_FORCE_INLINES -funroll-loops -DSUPPORT_CXX0X -fPIE   -std=c++0x -o CMakeFiles/cmTC_a8c13.dir/src.cxx.o -c /home/zhangsy/20210127/msisensor-ct/CMakeFiles/CMakeTmp/src.cxx
Linking CXX executable cmTC_a8c13
/usr/bin/cmake -E cmake_link_script CMakeFiles/cmTC_a8c13.dir/link.txt --verbose=1
/usr/bin/c++    -fopenmp -D_MWAITXINTRIN_H_INCLUDED -D_FORCE_INLINES -funroll-loops -DSUPPORT_CXX0X    CMakeFiles/cmTC_a8c13.dir/src.cxx.o  -o cmTC_a8c13 -rdynamic 
make[2]: Leaving directory '/home/zhangsy/20210127/msisensor-ct/CMakeFiles/CMakeTmp'
make[1]: Leaving directory '/home/zhangsy/20210127/msisensor-ct/CMakeFiles/CMakeTmp'

Source file was:
int main() { return 0; }
Performing C++ SOURCE FILE Test SUPPORT_MSSE2 succeeded with the following output:
Change Dir: /home/zhangsy/20210127/msisensor-ct/CMakeFiles/CMakeTmp

Run Build Command:"/usr/bin/make" "cmTC_3e85e/fast"
make[1]: Entering directory '/home/zhangsy/20210127/msisensor-ct/CMakeFiles/CMakeTmp'
/usr/bin/make -f CMakeFiles/cmTC_3e85e.dir/build.make CMakeFiles/cmTC_3e85e.dir/build
make[2]: Entering directory '/home/zhangsy/20210127/msisensor-ct/CMakeFiles/CMakeTmp'
Building CXX object CMakeFiles/cmTC_3e85e.dir/src.cxx.o
/usr/bin/c++     -fopenmp -D_MWAITXINTRIN_H_INCLUDED -D_FORCE_INLINES -funroll-loops -DSUPPORT_MSSE2 -fPIE   -msse2 -o CMakeFiles/cmTC_3e85e.dir/src.cxx.o -c /home/zhangsy/20210127/msisensor-ct/CMakeFiles/CMakeTmp/src.cxx
Linking CXX executable cmTC_3e85e
/usr/bin/cmake -E cmake_link_script CMakeFiles/cmTC_3e85e.dir/link.txt --verbose=1
/usr/bin/c++    -fopenmp -D_MWAITXINTRIN_H_INCLUDED -D_FORCE_INLINES -funroll-loops -DSUPPORT_MSSE2    CMakeFiles/cmTC_3e85e.dir/src.cxx.o  -o cmTC_3e85e -rdynamic 
make[2]: Leaving directory '/home/zhangsy/20210127/msisensor-ct/CMakeFiles/CMakeTmp'
make[1]: Leaving directory '/home/zhangsy/20210127/msisensor-ct/CMakeFiles/CMakeTmp'

Source file was:
int main() { return 0; }
